{"C:\\Dev\\prova-ci-willian-garcia\\src\\app.ts": {"path":"C:\\Dev\\prova-ci-willian-garcia\\src\\app.ts","statementMap":{"0":{"start":{"line":1,"column":0},"end":{"line":1,"column":30}},"1":{"start":{"line":2,"column":0},"end":{"line":2,"column":41}},"2":{"start":{"line":4,"column":12},"end":{"line":4,"column":21}},"3":{"start":{"line":5,"column":0},"end":{"line":5,"column":24}},"4":{"start":{"line":7,"column":0},"end":{"line":7,"column":62}},"5":{"start":{"line":7,"column":34},"end":{"line":7,"column":60}},"6":{"start":{"line":8,"column":0},"end":{"line":8,"column":35}},"7":{"start":{"line":10,"column":0},"end":{"line":10,"column":19}}},"fnMap":{"0":{"name":"(anonymous_1)","decl":{"start":{"line":7,"column":19},"end":{"line":7,"column":20}},"loc":{"start":{"line":7,"column":34},"end":{"line":7,"column":60}}}},"branchMap":{},"s":{"0":1,"1":1,"2":1,"3":1,"4":1,"5":1,"6":1,"7":1},"f":{"0":1},"b":{}}
,"C:\\Dev\\prova-ci-willian-garcia\\src\\controllers\\items.controller.ts": {"path":"C:\\Dev\\prova-ci-willian-garcia\\src\\controllers\\items.controller.ts","statementMap":{"0":{"start":{"line":2,"column":0},"end":{"line":2,"column":60}},"1":{"start":{"line":3,"column":0},"end":{"line":3,"column":71}},"2":{"start":{"line":6,"column":13},"end":{"line":34,"column":2}},"3":{"start":{"line":8,"column":4},"end":{"line":8,"column":36}},"4":{"start":{"line":11,"column":17},"end":{"line":11,"column":49}},"5":{"start":{"line":12,"column":4},"end":{"line":12,"column":77}},"6":{"start":{"line":12,"column":15},"end":{"line":12,"column":77}},"7":{"start":{"line":13,"column":4},"end":{"line":13,"column":26}},"8":{"start":{"line":16,"column":19},"end":{"line":16,"column":55}},"9":{"start":{"line":17,"column":4},"end":{"line":17,"column":88}},"10":{"start":{"line":17,"column":25},"end":{"line":17,"column":88}},"11":{"start":{"line":18,"column":31},"end":{"line":18,"column":42}},"12":{"start":{"line":19,"column":17},"end":{"line":19,"column":48}},"13":{"start":{"line":20,"column":4},"end":{"line":20,"column":38}},"14":{"start":{"line":23,"column":19},"end":{"line":23,"column":55}},"15":{"start":{"line":24,"column":4},"end":{"line":24,"column":88}},"16":{"start":{"line":24,"column":25},"end":{"line":24,"column":88}},"17":{"start":{"line":25,"column":17},"end":{"line":25,"column":60}},"18":{"start":{"line":26,"column":4},"end":{"line":26,"column":77}},"19":{"start":{"line":26,"column":15},"end":{"line":26,"column":77}},"20":{"start":{"line":27,"column":4},"end":{"line":27,"column":26}},"21":{"start":{"line":30,"column":15},"end":{"line":30,"column":45}},"22":{"start":{"line":31,"column":4},"end":{"line":31,"column":75}},"23":{"start":{"line":31,"column":13},"end":{"line":31,"column":75}},"24":{"start":{"line":32,"column":4},"end":{"line":32,"column":34}}},"fnMap":{"0":{"name":"(anonymous_0)","decl":{"start":{"line":7,"column":2},"end":{"line":7,"column":6}},"loc":{"start":{"line":7,"column":35},"end":{"line":9,"column":3}}},"1":{"name":"(anonymous_1)","decl":{"start":{"line":10,"column":2},"end":{"line":10,"column":5}},"loc":{"start":{"line":10,"column":33},"end":{"line":14,"column":3}}},"2":{"name":"(anonymous_2)","decl":{"start":{"line":15,"column":2},"end":{"line":15,"column":8}},"loc":{"start":{"line":15,"column":36},"end":{"line":21,"column":3}}},"3":{"name":"(anonymous_3)","decl":{"start":{"line":22,"column":2},"end":{"line":22,"column":8}},"loc":{"start":{"line":22,"column":36},"end":{"line":28,"column":3}}},"4":{"name":"(anonymous_4)","decl":{"start":{"line":29,"column":2},"end":{"line":29,"column":8}},"loc":{"start":{"line":29,"column":36},"end":{"line":33,"column":3}}}},"branchMap":{"0":{"loc":{"start":{"line":12,"column":4},"end":{"line":12,"column":77}},"type":"if","locations":[{"start":{"line":12,"column":4},"end":{"line":12,"column":77}}]},"1":{"loc":{"start":{"line":17,"column":4},"end":{"line":17,"column":88}},"type":"if","locations":[{"start":{"line":17,"column":4},"end":{"line":17,"column":88}}]},"2":{"loc":{"start":{"line":24,"column":4},"end":{"line":24,"column":88}},"type":"if","locations":[{"start":{"line":24,"column":4},"end":{"line":24,"column":88}}]},"3":{"loc":{"start":{"line":26,"column":4},"end":{"line":26,"column":77}},"type":"if","locations":[{"start":{"line":26,"column":4},"end":{"line":26,"column":77}}]},"4":{"loc":{"start":{"line":31,"column":4},"end":{"line":31,"column":75}},"type":"if","locations":[{"start":{"line":31,"column":4},"end":{"line":31,"column":75}}]}},"s":{"0":2,"1":2,"2":2,"3":2,"4":4,"5":4,"6":2,"7":2,"8":5,"9":5,"10":2,"11":3,"12":3,"13":3,"14":5,"15":5,"16":2,"17":3,"18":3,"19":1,"20":2,"21":3,"22":3,"23":1,"24":2},"f":{"0":2,"1":4,"2":5,"3":5,"4":3},"b":{"0":[2],"1":[2],"2":[2],"3":[1],"4":[1]}}
,"C:\\Dev\\prova-ci-willian-garcia\\src\\repositories\\inMemoryItemRepo.ts": {"path":"C:\\Dev\\prova-ci-willian-garcia\\src\\repositories\\inMemoryItemRepo.ts","statementMap":{"0":{"start":{"line":3,"column":22},"end":{"line":3,"column":24}},"1":{"start":{"line":5,"column":20},"end":{"line":5,"column":52}},"2":{"start":{"line":7,"column":13},"end":{"line":34,"column":2}},"3":{"start":{"line":9,"column":4},"end":{"line":9,"column":22}},"4":{"start":{"line":12,"column":4},"end":{"line":12,"column":40}},"5":{"start":{"line":12,"column":27},"end":{"line":12,"column":38}},"6":{"start":{"line":15,"column":16},"end":{"line":15,"column":79}},"7":{"start":{"line":16,"column":15},"end":{"line":16,"column":23}},"8":{"start":{"line":17,"column":23},"end":{"line":17,"column":75}},"9":{"start":{"line":18,"column":4},"end":{"line":18,"column":21}},"10":{"start":{"line":19,"column":4},"end":{"line":19,"column":16}},"11":{"start":{"line":22,"column":16},"end":{"line":22,"column":49}},"12":{"start":{"line":22,"column":37},"end":{"line":22,"column":48}},"13":{"start":{"line":23,"column":4},"end":{"line":23,"column":37}},"14":{"start":{"line":23,"column":20},"end":{"line":23,"column":37}},"15":{"start":{"line":24,"column":20},"end":{"line":24,"column":70}},"16":{"start":{"line":25,"column":4},"end":{"line":25,"column":25}},"17":{"start":{"line":26,"column":4},"end":{"line":26,"column":19}},"18":{"start":{"line":29,"column":16},"end":{"line":29,"column":49}},"19":{"start":{"line":29,"column":37},"end":{"line":29,"column":48}},"20":{"start":{"line":30,"column":4},"end":{"line":30,"column":33}},"21":{"start":{"line":30,"column":20},"end":{"line":30,"column":33}},"22":{"start":{"line":31,"column":4},"end":{"line":31,"column":25}},"23":{"start":{"line":32,"column":4},"end":{"line":32,"column":16}}},"fnMap":{"0":{"name":"nowISO","decl":{"start":{"line":5,"column":9},"end":{"line":5,"column":15}},"loc":{"start":{"line":5,"column":15},"end":{"line":5,"column":54}}},"1":{"name":"(anonymous_1)","decl":{"start":{"line":8,"column":2},"end":{"line":8,"column":5}},"loc":{"start":{"line":8,"column":5},"end":{"line":10,"column":3}}},"2":{"name":"(anonymous_2)","decl":{"start":{"line":11,"column":2},"end":{"line":11,"column":10}},"loc":{"start":{"line":11,"column":21},"end":{"line":13,"column":3}}},"3":{"name":"(anonymous_3)","decl":{"start":{"line":12,"column":22},"end":{"line":12,"column":23}},"loc":{"start":{"line":12,"column":27},"end":{"line":12,"column":38}}},"4":{"name":"(anonymous_4)","decl":{"start":{"line":14,"column":2},"end":{"line":14,"column":8}},"loc":{"start":{"line":14,"column":39},"end":{"line":20,"column":3}}},"5":{"name":"(anonymous_5)","decl":{"start":{"line":21,"column":2},"end":{"line":21,"column":8}},"loc":{"start":{"line":21,"column":66},"end":{"line":27,"column":3}}},"6":{"name":"(anonymous_6)","decl":{"start":{"line":22,"column":32},"end":{"line":22,"column":33}},"loc":{"start":{"line":22,"column":37},"end":{"line":22,"column":48}}},"7":{"name":"(anonymous_7)","decl":{"start":{"line":28,"column":2},"end":{"line":28,"column":8}},"loc":{"start":{"line":28,"column":19},"end":{"line":33,"column":3}}},"8":{"name":"(anonymous_8)","decl":{"start":{"line":29,"column":32},"end":{"line":29,"column":33}},"loc":{"start":{"line":29,"column":37},"end":{"line":29,"column":48}}}},"branchMap":{"0":{"loc":{"start":{"line":23,"column":4},"end":{"line":23,"column":37}},"type":"if","locations":[{"start":{"line":23,"column":4},"end":{"line":23,"column":37}}]},"1":{"loc":{"start":{"line":30,"column":4},"end":{"line":30,"column":33}},"type":"if","locations":[{"start":{"line":30,"column":4},"end":{"line":30,"column":33}}]}},"s":{"0":6,"1":7,"2":6,"3":2,"4":3,"5":1,"6":5,"7":5,"8":5,"9":5,"10":5,"11":2,"12":2,"13":2,"14":0,"15":2,"16":2,"17":2,"18":3,"19":2,"20":3,"21":1,"22":2,"23":2},"f":{"0":7,"1":2,"2":3,"3":1,"4":5,"5":2,"6":2,"7":3,"8":2},"b":{"0":[0],"1":[1]}}
,"C:\\Dev\\prova-ci-willian-garcia\\src\\routes\\items.ts": {"path":"C:\\Dev\\prova-ci-willian-garcia\\src\\routes\\items.ts","statementMap":{"0":{"start":{"line":1,"column":0},"end":{"line":1,"column":33}},"1":{"start":{"line":2,"column":0},"end":{"line":2,"column":66}},"2":{"start":{"line":4,"column":15},"end":{"line":4,"column":23}},"3":{"start":{"line":6,"column":0},"end":{"line":6,"column":38}},"4":{"start":{"line":7,"column":0},"end":{"line":7,"column":40}},"5":{"start":{"line":8,"column":0},"end":{"line":8,"column":41}},"6":{"start":{"line":9,"column":0},"end":{"line":9,"column":43}},"7":{"start":{"line":10,"column":0},"end":{"line":10,"column":46}},"8":{"start":{"line":12,"column":0},"end":{"line":12,"column":22}}},"fnMap":{},"branchMap":{},"s":{"0":1,"1":1,"2":1,"3":1,"4":1,"5":1,"6":1,"7":1,"8":1},"f":{},"b":{}}
,"C:\\Dev\\prova-ci-willian-garcia\\src\\utils\\validate.ts": {"path":"C:\\Dev\\prova-ci-willian-garcia\\src\\utils\\validate.ts","statementMap":{"0":{"start":{"line":14,"column":0},"end":{"line":14,"column":16}},"1":{"start":{"line":18,"column":0},"end":{"line":18,"column":16}},"2":{"start":{"line":1,"column":0},"end":{"line":1,"column":24}},"3":{"start":{"line":3,"column":13},"end":{"line":6,"column":3}},"4":{"start":{"line":8,"column":13},"end":{"line":11,"column":3}},"5":{"start":{"line":15,"column":2},"end":{"line":15,"column":42}},"6":{"start":{"line":19,"column":2},"end":{"line":19,"column":42}}},"fnMap":{"0":{"name":"validateCreateItem","decl":{"start":{"line":14,"column":16},"end":{"line":14,"column":34}},"loc":{"start":{"line":14,"column":48},"end":{"line":16,"column":1}}},"1":{"name":"validateUpdateItem","decl":{"start":{"line":18,"column":16},"end":{"line":18,"column":34}},"loc":{"start":{"line":18,"column":48},"end":{"line":20,"column":1}}}},"branchMap":{},"s":{"0":3,"1":3,"2":3,"3":3,"4":3,"5":2,"6":2},"f":{"0":2,"1":2},"b":{}}
}
