TN:
SF:src\app.ts
FN:7,(anonymous_1)
FNF:1
FNH:1
FNDA:1,(anonymous_1)
DA:1,1
DA:2,1
DA:4,1
DA:5,1
DA:7,1
DA:8,1
DA:10,1
LF:7
LH:7
BRF:0
BRH:0
end_of_record
TN:
SF:src\controllers\items.controller.ts
FN:7,(anonymous_0)
FN:10,(anonymous_1)
FN:15,(anonymous_2)
FN:22,(anonymous_3)
FN:29,(anonymous_4)
FNF:5
FNH:5
FNDA:2,(anonymous_0)
FNDA:4,(anonymous_1)
FNDA:5,(anonymous_2)
FNDA:5,(anonymous_3)
FNDA:3,(anonymous_4)
DA:2,2
DA:3,2
DA:6,2
DA:8,2
DA:11,4
DA:12,4
DA:13,2
DA:16,5
DA:17,5
DA:18,3
DA:19,3
DA:20,3
DA:23,5
DA:24,5
DA:25,3
DA:26,3
DA:27,2
DA:30,3
DA:31,3
DA:32,2
LF:20
LH:20
BRDA:12,0,0,2
BRDA:17,1,0,2
BRDA:24,2,0,2
BRDA:26,3,0,1
BRDA:31,4,0,1
BRF:5
BRH:5
end_of_record
TN:
SF:src\repositories\inMemoryItemRepo.ts
FN:5,nowISO
FN:8,(anonymous_1)
FN:11,(anonymous_2)
FN:12,(anonymous_3)
FN:14,(anonymous_4)
FN:21,(anonymous_5)
FN:22,(anonymous_6)
FN:28,(anonymous_7)
FN:29,(anonymous_8)
FNF:9
FNH:9
FNDA:7,nowISO
FNDA:2,(anonymous_1)
FNDA:3,(anonymous_2)
FNDA:1,(anonymous_3)
FNDA:5,(anonymous_4)
FNDA:2,(anonymous_5)
FNDA:2,(anonymous_6)
FNDA:3,(anonymous_7)
FNDA:2,(anonymous_8)
DA:3,6
DA:5,7
DA:7,6
DA:9,2
DA:12,3
DA:15,5
DA:16,5
DA:17,5
DA:18,5
DA:19,5
DA:22,2
DA:23,2
DA:24,2
DA:25,2
DA:26,2
DA:29,3
DA:30,3
DA:31,2
DA:32,2
LF:19
LH:19
BRDA:23,0,0,0
BRDA:30,1,0,1
BRF:2
BRH:1
end_of_record
TN:
SF:src\routes\items.ts
FNF:0
FNH:0
DA:1,1
DA:2,1
DA:4,1
DA:6,1
DA:7,1
DA:8,1
DA:9,1
DA:10,1
DA:12,1
LF:9
LH:9
BRF:0
BRH:0
end_of_record
TN:
SF:src\utils\validate.ts
FN:14,validateCreateItem
FN:18,validateUpdateItem
FNF:2
FNH:2
FNDA:2,validateCreateItem
FNDA:2,validateUpdateItem
DA:1,3
DA:3,3
DA:8,3
DA:14,3
DA:15,2
DA:18,3
DA:19,2
LF:7
LH:7
BRF:0
BRH:0
end_of_record
